libmoney/build/intermediates/manifest_merge_blame_file/debug/manifest-merger-blame-debug-report.txt
1<?xml version="1.0" encoding="utf-8"?>
2<manifest xmlns:android="http://schemas.android.com/apk/res/android"
3    package="com.sagebrush.possession.krummholz.libmoney"
4    android:versionCode="1"
5    android:versionName="1.0" >
6
7    <uses-sdk
8        android:minSdkVersion="19"
8-->src/main/AndroidManifest.xml
9        android:targetSdkVersion="29" />
9-->src/main/AndroidManifest.xml
10
11    <application>
11-->src/main/AndroidManifest.xml:4:5-11:19
12        <activity
12-->src/main/AndroidManifest.xml:5:1-9:3
13            android:name="com.merit.cruddy.layoff.AppendicesConfrereInjuryActivity"
13-->src/main/AndroidManifest.xml:6:1-74
14            android:exported="false"
14-->src/main/AndroidManifest.xml:7:1-25
15            android:windowSoftInputMode="stateAlwaysVisible" />
15-->src/main/AndroidManifest.xml:8:1-49
16    </application>
17
18</manifest>